info: Microsoft.Hosting.Lifetime[0]
      Now listening on: http://127.0.0.1:10048
info: Microsoft.Hosting.Lifetime[0]
      Application started. Press Ctrl+C to shut down.
info: Microsoft.Hosting.Lifetime[0]
      Hosting environment: Development
info: Microsoft.Hosting.Lifetime[0]
      Content root path: C:\Brahmasmi\Brahmasmi.API\Brahmasmi.API
fail: Brahmasmi.API.Controllers.LoginController[0]
      Exception at Login Method: System.FormatException: Failed to convert parameter value from a String to a Int32.
       ---> System.FormatException: Input string was not in a correct format.
         at System.Number.ThrowOverflowOrFormatException(ParsingStatus status, TypeCode type)
         at System.String.System.IConvertible.ToInt32(IFormatProvider provider)
         at System.Convert.ChangeType(Object value, Type conversionType, IFormatProvider provider)
         at System.Data.SqlClient.SqlParameter.CoerceValue(Object value, MetaType destinationType, Boolean& coercedToDataFeed, Boolean& typeChanged, Boolean allowStreaming)
         --- End of inner exception stack trace ---
         at System.Data.SqlClient.SqlParameter.CoerceValue(Object value, MetaType destinationType, Boolean& coercedToDataFeed, Boolean& typeChanged, Boolean allowStreaming)
         at System.Data.SqlClient.SqlParameter.GetCoercedValue()
         at System.Data.SqlClient.SqlParameter.Validate(Int32 index, Boolean isCommandProc)
         at System.Data.SqlClient.SqlCommand.SetUpRPCParameters(_SqlRPC rpc, Boolean inSchema, SqlParameterCollection parameters)
         at System.Data.SqlClient.SqlCommand.BuildRPC(Boolean inSchema, SqlParameterCollection parameters, _SqlRPC& rpc)
         at System.Data.SqlClient.SqlCommand.RunExecuteReaderTds(CommandBehavior cmdBehavior, RunBehavior runBehavior, Boolean returnStream, Boolean async, Int32 timeout, Task& task, Boolean asyncWrite, SqlDataReader ds)
         at System.Data.SqlClient.SqlCommand.RunExecuteReader(CommandBehavior cmdBehavior, RunBehavior runBehavior, Boolean returnStream, TaskCompletionSource`1 completion, Int32 timeout, Task& task, Boolean asyncWrite, String method)
         at System.Data.SqlClient.SqlCommand.RunExecuteReader(CommandBehavior cmdBehavior, RunBehavior runBehavior, Boolean returnStream, String method)
         at System.Data.SqlClient.SqlCommand.ExecuteReader(CommandBehavior behavior)
         at System.Data.SqlClient.SqlCommand.ExecuteDbDataReader(CommandBehavior behavior)
         at System.Data.Common.DbCommand.System.Data.IDbCommand.ExecuteReader(CommandBehavior behavior)
         at Dapper.SqlMapper.ExecuteReaderWithFlagsFallback(IDbCommand cmd, Boolean wasClosed, CommandBehavior behavior) in /_/Dapper/SqlMapper.cs:line 1051
         at Dapper.SqlMapper.QueryImpl[T](IDbConnection cnn, CommandDefinition command, Type effectiveType)+MoveNext() in /_/Dapper/SqlMapper.cs:line 1079
         at System.Collections.Generic.List`1..ctor(IEnumerable`1 collection)
         at System.Linq.Enumerable.ToList[TSource](IEnumerable`1 source)
         at Dapper.SqlMapper.Query[T](IDbConnection cnn, String sql, Object param, IDbTransaction transaction, Boolean buffered, Nullable`1 commandTimeout, Nullable`1 commandType) in /_/Dapper/SqlMapper.cs:line 721
         at Brahmasmi.Service.Dapperr.GetAll[T](String sp, DynamicParameters parms, CommandType commandType) in C:\Brahmasmi\Brahmasmi.API\Brahmasmi.Service\Dapper.cs:line 47
         at Brahmasmi.Repository.ServiceRepository.SearchServices(String search, Int32 cityId) in C:\Brahmasmi\Brahmasmi.API\Brahmasmi.Repository\ServiceRepository.cs:line 38
         at Brahmasmi.API.Controllers.ServiceController.SearchService(String search, Int32 cityId) in C:\Brahmasmi\Brahmasmi.API\Brahmasmi.API\Controllers\ServiceController.cs:line 51
fail: Brahmasmi.API.Controllers.LoginController[0]
      Exception at Login Method: System.FormatException: Failed to convert parameter value from a String to a Int32.
       ---> System.FormatException: Input string was not in a correct format.
         at System.Number.ThrowOverflowOrFormatException(ParsingStatus status, TypeCode type)
         at System.String.System.IConvertible.ToInt32(IFormatProvider provider)
         at System.Convert.ChangeType(Object value, Type conversionType, IFormatProvider provider)
         at System.Data.SqlClient.SqlParameter.CoerceValue(Object value, MetaType destinationType, Boolean& coercedToDataFeed, Boolean& typeChanged, Boolean allowStreaming)
         --- End of inner exception stack trace ---
         at System.Data.SqlClient.SqlParameter.CoerceValue(Object value, MetaType destinationType, Boolean& coercedToDataFeed, Boolean& typeChanged, Boolean allowStreaming)
         at System.Data.SqlClient.SqlParameter.GetCoercedValue()
         at System.Data.SqlClient.SqlParameter.Validate(Int32 index, Boolean isCommandProc)
         at System.Data.SqlClient.SqlCommand.SetUpRPCParameters(_SqlRPC rpc, Boolean inSchema, SqlParameterCollection parameters)
         at System.Data.SqlClient.SqlCommand.BuildRPC(Boolean inSchema, SqlParameterCollection parameters, _SqlRPC& rpc)
         at System.Data.SqlClient.SqlCommand.RunExecuteReaderTds(CommandBehavior cmdBehavior, RunBehavior runBehavior, Boolean returnStream, Boolean async, Int32 timeout, Task& task, Boolean asyncWrite, SqlDataReader ds)
         at System.Data.SqlClient.SqlCommand.RunExecuteReader(CommandBehavior cmdBehavior, RunBehavior runBehavior, Boolean returnStream, TaskCompletionSource`1 completion, Int32 timeout, Task& task, Boolean asyncWrite, String method)
         at System.Data.SqlClient.SqlCommand.RunExecuteReader(CommandBehavior cmdBehavior, RunBehavior runBehavior, Boolean returnStream, String method)
         at System.Data.SqlClient.SqlCommand.ExecuteReader(CommandBehavior behavior)
         at System.Data.SqlClient.SqlCommand.ExecuteDbDataReader(CommandBehavior behavior)
         at System.Data.Common.DbCommand.System.Data.IDbCommand.ExecuteReader(CommandBehavior behavior)
         at Dapper.SqlMapper.ExecuteReaderWithFlagsFallback(IDbCommand cmd, Boolean wasClosed, CommandBehavior behavior) in /_/Dapper/SqlMapper.cs:line 1051
         at Dapper.SqlMapper.QueryImpl[T](IDbConnection cnn, CommandDefinition command, Type effectiveType)+MoveNext() in /_/Dapper/SqlMapper.cs:line 1079
         at System.Collections.Generic.List`1..ctor(IEnumerable`1 collection)
         at System.Linq.Enumerable.ToList[TSource](IEnumerable`1 source)
         at Dapper.SqlMapper.Query[T](IDbConnection cnn, String sql, Object param, IDbTransaction transaction, Boolean buffered, Nullable`1 commandTimeout, Nullable`1 commandType) in /_/Dapper/SqlMapper.cs:line 721
         at Brahmasmi.Service.Dapperr.GetAll[T](String sp, DynamicParameters parms, CommandType commandType) in C:\Brahmasmi\Brahmasmi.API\Brahmasmi.Service\Dapper.cs:line 47
         at Brahmasmi.Repository.ServiceRepository.SearchServices(String search, Int32 cityId) in C:\Brahmasmi\Brahmasmi.API\Brahmasmi.Repository\ServiceRepository.cs:line 38
         at Brahmasmi.API.Controllers.ServiceController.SearchService(String search, Int32 cityId) in C:\Brahmasmi\Brahmasmi.API\Brahmasmi.API\Controllers\ServiceController.cs:line 51





































