info: Microsoft.Hosting.Lifetime[0]
      Now listening on: http://127.0.0.1:19737
info: Microsoft.Hosting.Lifetime[0]
      Application started. Press Ctrl+C to shut down.
info: Microsoft.Hosting.Lifetime[0]
      Hosting environment: Development
info: Microsoft.Hosting.Lifetime[0]
      Content root path: C:\Brahmasmi\Brahmasmi.API\Brahmasmi.API
info: Brahmasmi.API.Controllers.LoginController[0]
      97780146209
info: Brahmasmi.API.Controllers.LoginController[0]
      end
info: Brahmasmi.API.Controllers.LoginController[0]
      97780146209
info: Brahmasmi.API.Controllers.LoginController[0]
      end
info: Brahmasmi.API.Controllers.LoginController[0]
      97780146209
info: Brahmasmi.API.Controllers.LoginController[0]
      end
info: Brahmasmi.API.Controllers.UserController[0]
      end
































































