info: Microsoft.Hosting.Lifetime[0]
      Now listening on: http://127.0.0.1:20332
info: Microsoft.Hosting.Lifetime[0]
      Application started. Press Ctrl+C to shut down.
info: Microsoft.Hosting.Lifetime[0]
      Hosting environment: Development
info: Microsoft.Hosting.Lifetime[0]
      Content root path: C:\Brahmasmi\Brahmasmi.API\Brahmasmi.API
info: Brahmasmi.API.Controllers.VendorController[0]
      end
info: Brahmasmi.API.Controllers.VendorController[0]
      end
info: Brahmasmi.API.Controllers.VendorController[0]
      end
info: Brahmasmi.API.Controllers.VendorController[0]
      end
info: Brahmasmi.API.Controllers.VendorController[0]
      end
info: Brahmasmi.API.Controllers.VendorController[0]
      end
info: Brahmasmi.API.Controllers.VendorController[0]
      end
info: Brahmasmi.API.Controllers.VendorController[0]
      end
info: Brahmasmi.API.Controllers.VendorController[0]
      end
info: Brahmasmi.API.Controllers.VendorController[0]
      end
info: Brahmasmi.API.Controllers.VendorController[0]
      end
info: Brahmasmi.API.Controllers.VendorController[0]
      end
info: Brahmasmi.API.Controllers.VendorController[0]
      end
info: Brahmasmi.API.Controllers.VendorController[0]
      end
info: Brahmasmi.API.Controllers.VendorController[0]
      end
info: Brahmasmi.API.Controllers.VendorController[0]
      end
info: Brahmasmi.API.Controllers.VendorController[0]
      end
info: Brahmasmi.API.Controllers.VendorController[0]
      end
info: Brahmasmi.API.Controllers.VendorController[0]
      end
info: Brahmasmi.API.Controllers.VendorController[0]
      end
info: Brahmasmi.API.Controllers.VendorController[0]
      end
info: Brahmasmi.API.Controllers.VendorController[0]
      end
info: Brahmasmi.API.Controllers.VendorController[0]
      end
info: Brahmasmi.API.Controllers.VendorController[0]
      end
info: Brahmasmi.API.Controllers.VendorController[0]
      end
info: Brahmasmi.API.Controllers.VendorController[0]
      end
info: Brahmasmi.API.Controllers.VendorController[0]
      end
fail: Brahmasmi.API.Email[0]
      Exception at Sending Email: System.Net.Http.HttpRequestException: The SSL connection could not be established, see inner exception.
       ---> System.IO.IOException: Unable to read data from the transport connection: An existing connection was forcibly closed by the remote host..
       ---> System.Net.Sockets.SocketException (10054): An existing connection was forcibly closed by the remote host.
         --- End of inner exception stack trace ---
         at System.Net.Sockets.Socket.AwaitableSocketAsyncEventArgs.ThrowException(SocketError error, CancellationToken cancellationToken)
         at System.Net.Sockets.Socket.AwaitableSocketAsyncEventArgs.GetResult(Int16 token)
         at System.Net.FixedSizeReader.ReadPacketAsync(Stream transport, AsyncProtocolRequest request)
         at System.Net.Security.SslStream.ThrowIfExceptional()
         at System.Net.Security.SslStream.InternalEndProcessAuthentication(LazyAsyncResult lazyResult)
         at System.Net.Security.SslStream.EndProcessAuthentication(IAsyncResult result)
         at System.Net.Security.SslStream.EndAuthenticateAsClient(IAsyncResult asyncResult)
         at System.Net.Security.SslStream.<>c.<AuthenticateAsClientAsync>b__65_1(IAsyncResult iar)
         at System.Threading.Tasks.TaskFactory`1.FromAsyncCoreLogic(IAsyncResult iar, Func`2 endFunction, Action`1 endAction, Task`1 promise, Boolean requiresSynchronization)
      --- End of stack trace from previous location where exception was thrown ---
         at System.Net.Http.ConnectHelper.EstablishSslConnectionAsyncCore(Stream stream, SslClientAuthenticationOptions sslOptions, CancellationToken cancellationToken)
         --- End of inner exception stack trace ---
         at System.Net.Http.ConnectHelper.EstablishSslConnectionAsyncCore(Stream stream, SslClientAuthenticationOptions sslOptions, CancellationToken cancellationToken)
         at System.Net.Http.HttpConnectionPool.ConnectAsync(HttpRequestMessage request, Boolean allowHttp2, CancellationToken cancellationToken)
         at System.Net.Http.HttpConnectionPool.CreateHttp11ConnectionAsync(HttpRequestMessage request, CancellationToken cancellationToken)
         at System.Net.Http.HttpConnectionPool.GetHttpConnectionAsync(HttpRequestMessage request, CancellationToken cancellationToken)
         at System.Net.Http.HttpConnectionPool.SendWithRetryAsync(HttpRequestMessage request, Boolean doRequestAuth, CancellationToken cancellationToken)
         at System.Net.Http.RedirectHandler.SendAsync(HttpRequestMessage request, CancellationToken cancellationToken)
         at System.Net.Http.DiagnosticsHandler.SendAsync(HttpRequestMessage request, CancellationToken cancellationToken)
         at SendGrid.Helpers.Reliability.RetryDelegatingHandler.SendAsync(HttpRequestMessage request, CancellationToken cancellationToken)
         at System.Net.Http.HttpClient.FinishSendAsyncBuffered(Task`1 sendTask, HttpRequestMessage request, CancellationTokenSource cts, Boolean disposeCts)
         at SendGrid.BaseClient.MakeRequest(HttpRequestMessage request, CancellationToken cancellationToken)
         at SendGrid.BaseClient.RequestAsync(Method method, String requestBody, String queryParams, String urlPath, CancellationToken cancellationToken)
         at SendGrid.BaseClient.SendEmailAsync(SendGridMessage msg, CancellationToken cancellationToken)
         at Brahmasmi.API.Email.SendEmail(String to, String toName, String subject, String body) in C:\Brahmasmi\Brahmasmi.API\Brahmasmi.API\Email.cs:line 36
info: Brahmasmi.API.Controllers.VendorController[0]
      end
info: Brahmasmi.API.Controllers.VendorController[0]
      end
info: Brahmasmi.API.Controllers.VendorController[0]
      end
info: Brahmasmi.API.Controllers.VendorController[0]
      end
info: Brahmasmi.API.Controllers.VendorController[0]
      end
info: Brahmasmi.API.Controllers.VendorController[0]
      end
info: Brahmasmi.API.Controllers.VendorController[0]
      end
info: Brahmasmi.API.Controllers.VendorController[0]
      end
info: Brahmasmi.API.Controllers.VendorController[0]
      end
info: Brahmasmi.API.Controllers.VendorController[0]
      end
info: Brahmasmi.API.Controllers.VendorController[0]
      end
info: Brahmasmi.API.Controllers.VendorController[0]
      end
info: Brahmasmi.API.Controllers.VendorController[0]
      end
info: Brahmasmi.API.Controllers.VendorController[0]
      end
info: Brahmasmi.API.Controllers.VendorController[0]
      end



























































