info: Microsoft.Hosting.Lifetime[0]
      Now listening on: http://127.0.0.1:5907
info: Microsoft.Hosting.Lifetime[0]
      Application started. Press Ctrl+C to shut down.
info: Microsoft.Hosting.Lifetime[0]
      Hosting environment: Development
info: Microsoft.Hosting.Lifetime[0]
      Content root path: C:\Brahmasmi\Brahmasmi.API\Brahmasmi.API
info: Brahmasmi.API.Controllers.LoginController[0]
      56789
info: Brahmasmi.API.Controllers.LoginController[0]
      end
info: Brahmasmi.API.Controllers.LoginController[0]
      56789
info: Brahmasmi.API.Controllers.LoginController[0]
      end
info: Brahmasmi.API.Controllers.LoginController[0]
      656565
info: Brahmasmi.API.Controllers.LoginController[0]
      end
info: Brahmasmi.API.Controllers.LoginController[0]
      656565
info: Brahmasmi.API.Controllers.LoginController[0]
      end
info: Brahmasmi.API.Controllers.LoginController[0]
      656565
info: Brahmasmi.API.Controllers.LoginController[0]
      end






























