info: Microsoft.Hosting.Lifetime[0]
      Now listening on: http://127.0.0.1:44686
info: Microsoft.Hosting.Lifetime[0]
      Application started. Press Ctrl+C to shut down.
info: Microsoft.Hosting.Lifetime[0]
      Hosting environment: Development
info: Microsoft.Hosting.Lifetime[0]
      Content root path: C:\Brahmasmi\Brahmasmi.API\Brahmasmi.API
info: Brahmasmi.API.Controllers.UtilitiesController[0]
      end
info: Brahmasmi.API.Controllers.UtilitiesController[0]
      end
info: Brahmasmi.API.Controllers.UtilitiesController[0]
      end
info: Brahmasmi.API.Controllers.UtilitiesController[0]
      end
info: Brahmasmi.API.Controllers.UtilitiesController[0]
      end
fail: Brahmasmi.API.Controllers.VendorController[0]
      Exception at Login Method: System.Data.SqlClient.SqlException (0x80131904): Invalid column name 'Photo'.
         at System.Data.SqlClient.SqlConnection.OnError(SqlException exception, Boolean breakConnection, Action`1 wrapCloseInAction)
         at System.Data.SqlClient.SqlInternalConnection.OnError(SqlException exception, Boolean breakConnection, Action`1 wrapCloseInAction)
         at System.Data.SqlClient.TdsParser.ThrowExceptionAndWarning(TdsParserStateObject stateObj, Boolean callerHasConnectionLock, Boolean asyncClose)
         at System.Data.SqlClient.TdsParser.TryRun(RunBehavior runBehavior, SqlCommand cmdHandler, SqlDataReader dataStream, BulkCopySimpleResultSet bulkCopyHandler, TdsParserStateObject stateObj, Boolean& dataReady)
         at System.Data.SqlClient.SqlDataReader.TryConsumeMetaData()
         at System.Data.SqlClient.SqlDataReader.get_MetaData()
         at System.Data.SqlClient.SqlCommand.FinishExecuteReader(SqlDataReader ds, RunBehavior runBehavior, String resetOptionsString)
         at System.Data.SqlClient.SqlCommand.RunExecuteReaderTds(CommandBehavior cmdBehavior, RunBehavior runBehavior, Boolean returnStream, Boolean async, Int32 timeout, Task& task, Boolean asyncWrite, SqlDataReader ds)
         at System.Data.SqlClient.SqlCommand.ExecuteReader(CommandBehavior behavior)
         at Dapper.SqlMapper.ExecuteReaderWithFlagsFallback(IDbCommand cmd, Boolean wasClosed, CommandBehavior behavior) in /_/Dapper/SqlMapper.cs:line 1060
         at Dapper.SqlMapper.QueryImpl[T](IDbConnection cnn, CommandDefinition command, Type effectiveType)+MoveNext() in /_/Dapper/SqlMapper.cs:line 1079
         at System.Collections.Generic.List`1..ctor(IEnumerable`1 collection)
         at System.Linq.Enumerable.ToList[TSource](IEnumerable`1 source)
         at Dapper.SqlMapper.Query[T](IDbConnection cnn, String sql, Object param, IDbTransaction transaction, Boolean buffered, Nullable`1 commandTimeout, Nullable`1 commandType) in /_/Dapper/SqlMapper.cs:line 721
         at Brahmasmi.Service.Dapperr.GetAll[T](String sp, DynamicParameters parms, CommandType commandType) in C:\Brahmasmi\Brahmasmi.API\Brahmasmi.Service\Dapper.cs:line 47
         at Brahmasmi.Repository.VendorRepository.GetAllVendor() in C:\Brahmasmi\Brahmasmi.API\Brahmasmi.Repository\VendorRepository.cs:line 27
         at Brahmasmi.API.Controllers.VendorController.GetVendors() in C:\Brahmasmi\Brahmasmi.API\Brahmasmi.API\Controllers\VendorController.cs:line 33
      ClientConnectionId:c2a1f195-ea16-4274-9c6b-aad601dd51fd
      Error Number:207,State:1,Class:16
fail: Brahmasmi.API.Controllers.VendorController[0]
      Exception at Login Method: System.Data.SqlClient.SqlException (0x80131904): Invalid column name 'Photo'.
         at System.Data.SqlClient.SqlConnection.OnError(SqlException exception, Boolean breakConnection, Action`1 wrapCloseInAction)
         at System.Data.SqlClient.SqlInternalConnection.OnError(SqlException exception, Boolean breakConnection, Action`1 wrapCloseInAction)
         at System.Data.SqlClient.TdsParser.ThrowExceptionAndWarning(TdsParserStateObject stateObj, Boolean callerHasConnectionLock, Boolean asyncClose)
         at System.Data.SqlClient.TdsParser.TryRun(RunBehavior runBehavior, SqlCommand cmdHandler, SqlDataReader dataStream, BulkCopySimpleResultSet bulkCopyHandler, TdsParserStateObject stateObj, Boolean& dataReady)
         at System.Data.SqlClient.SqlDataReader.TryConsumeMetaData()
         at System.Data.SqlClient.SqlDataReader.get_MetaData()
         at System.Data.SqlClient.SqlCommand.FinishExecuteReader(SqlDataReader ds, RunBehavior runBehavior, String resetOptionsString)
         at System.Data.SqlClient.SqlCommand.RunExecuteReaderTds(CommandBehavior cmdBehavior, RunBehavior runBehavior, Boolean returnStream, Boolean async, Int32 timeout, Task& task, Boolean asyncWrite, SqlDataReader ds)
         at System.Data.SqlClient.SqlCommand.ExecuteReader(CommandBehavior behavior)
         at Dapper.SqlMapper.ExecuteReaderWithFlagsFallback(IDbCommand cmd, Boolean wasClosed, CommandBehavior behavior) in /_/Dapper/SqlMapper.cs:line 1060
         at Dapper.SqlMapper.QueryImpl[T](IDbConnection cnn, CommandDefinition command, Type effectiveType)+MoveNext() in /_/Dapper/SqlMapper.cs:line 1079
         at System.Collections.Generic.List`1..ctor(IEnumerable`1 collection)
         at System.Linq.Enumerable.ToList[TSource](IEnumerable`1 source)
         at Dapper.SqlMapper.Query[T](IDbConnection cnn, String sql, Object param, IDbTransaction transaction, Boolean buffered, Nullable`1 commandTimeout, Nullable`1 commandType) in /_/Dapper/SqlMapper.cs:line 721
         at Brahmasmi.Service.Dapperr.GetAll[T](String sp, DynamicParameters parms, CommandType commandType) in C:\Brahmasmi\Brahmasmi.API\Brahmasmi.Service\Dapper.cs:line 47
         at Brahmasmi.Repository.VendorRepository.GetAllVendor() in C:\Brahmasmi\Brahmasmi.API\Brahmasmi.Repository\VendorRepository.cs:line 27
         at Brahmasmi.API.Controllers.VendorController.GetVendors() in C:\Brahmasmi\Brahmasmi.API\Brahmasmi.API\Controllers\VendorController.cs:line 33
      ClientConnectionId:5f1bd9e6-4d3c-4c89-aea8-cc19310595c5
      Error Number:207,State:1,Class:16
fail: Brahmasmi.API.Controllers.VendorController[0]
      Exception at Login Method: System.Data.SqlClient.SqlException (0x80131904): Invalid column name 'Photo'.
         at System.Data.SqlClient.SqlConnection.OnError(SqlException exception, Boolean breakConnection, Action`1 wrapCloseInAction)
         at System.Data.SqlClient.SqlInternalConnection.OnError(SqlException exception, Boolean breakConnection, Action`1 wrapCloseInAction)
         at System.Data.SqlClient.TdsParser.ThrowExceptionAndWarning(TdsParserStateObject stateObj, Boolean callerHasConnectionLock, Boolean asyncClose)
         at System.Data.SqlClient.TdsParser.TryRun(RunBehavior runBehavior, SqlCommand cmdHandler, SqlDataReader dataStream, BulkCopySimpleResultSet bulkCopyHandler, TdsParserStateObject stateObj, Boolean& dataReady)
         at System.Data.SqlClient.SqlDataReader.TryConsumeMetaData()
         at System.Data.SqlClient.SqlDataReader.get_MetaData()
         at System.Data.SqlClient.SqlCommand.FinishExecuteReader(SqlDataReader ds, RunBehavior runBehavior, String resetOptionsString)
         at System.Data.SqlClient.SqlCommand.RunExecuteReaderTds(CommandBehavior cmdBehavior, RunBehavior runBehavior, Boolean returnStream, Boolean async, Int32 timeout, Task& task, Boolean asyncWrite, SqlDataReader ds)
         at System.Data.SqlClient.SqlCommand.ExecuteReader(CommandBehavior behavior)
         at Dapper.SqlMapper.ExecuteReaderWithFlagsFallback(IDbCommand cmd, Boolean wasClosed, CommandBehavior behavior) in /_/Dapper/SqlMapper.cs:line 1060
         at Dapper.SqlMapper.QueryImpl[T](IDbConnection cnn, CommandDefinition command, Type effectiveType)+MoveNext() in /_/Dapper/SqlMapper.cs:line 1079
         at System.Collections.Generic.List`1..ctor(IEnumerable`1 collection)
         at System.Linq.Enumerable.ToList[TSource](IEnumerable`1 source)
         at Dapper.SqlMapper.Query[T](IDbConnection cnn, String sql, Object param, IDbTransaction transaction, Boolean buffered, Nullable`1 commandTimeout, Nullable`1 commandType) in /_/Dapper/SqlMapper.cs:line 721
         at Brahmasmi.Service.Dapperr.GetAll[T](String sp, DynamicParameters parms, CommandType commandType) in C:\Brahmasmi\Brahmasmi.API\Brahmasmi.Service\Dapper.cs:line 47
         at Brahmasmi.Repository.VendorRepository.GetAllVendor() in C:\Brahmasmi\Brahmasmi.API\Brahmasmi.Repository\VendorRepository.cs:line 27
         at Brahmasmi.API.Controllers.VendorController.GetVendors() in C:\Brahmasmi\Brahmasmi.API\Brahmasmi.API\Controllers\VendorController.cs:line 33
      ClientConnectionId:5f1bd9e6-4d3c-4c89-aea8-cc19310595c5
      Error Number:207,State:1,Class:16
fail: Brahmasmi.API.Controllers.VendorController[0]
      Exception at Login Method: System.Data.SqlClient.SqlException (0x80131904): Invalid column name 'Photo'.
         at System.Data.SqlClient.SqlConnection.OnError(SqlException exception, Boolean breakConnection, Action`1 wrapCloseInAction)
         at System.Data.SqlClient.SqlInternalConnection.OnError(SqlException exception, Boolean breakConnection, Action`1 wrapCloseInAction)
         at System.Data.SqlClient.TdsParser.ThrowExceptionAndWarning(TdsParserStateObject stateObj, Boolean callerHasConnectionLock, Boolean asyncClose)
         at System.Data.SqlClient.TdsParser.TryRun(RunBehavior runBehavior, SqlCommand cmdHandler, SqlDataReader dataStream, BulkCopySimpleResultSet bulkCopyHandler, TdsParserStateObject stateObj, Boolean& dataReady)
         at System.Data.SqlClient.SqlDataReader.TryConsumeMetaData()
         at System.Data.SqlClient.SqlDataReader.get_MetaData()
         at System.Data.SqlClient.SqlCommand.FinishExecuteReader(SqlDataReader ds, RunBehavior runBehavior, String resetOptionsString)
         at System.Data.SqlClient.SqlCommand.RunExecuteReaderTds(CommandBehavior cmdBehavior, RunBehavior runBehavior, Boolean returnStream, Boolean async, Int32 timeout, Task& task, Boolean asyncWrite, SqlDataReader ds)
         at System.Data.SqlClient.SqlCommand.ExecuteReader(CommandBehavior behavior)
         at Dapper.SqlMapper.ExecuteReaderWithFlagsFallback(IDbCommand cmd, Boolean wasClosed, CommandBehavior behavior) in /_/Dapper/SqlMapper.cs:line 1060
         at Dapper.SqlMapper.QueryImpl[T](IDbConnection cnn, CommandDefinition command, Type effectiveType)+MoveNext() in /_/Dapper/SqlMapper.cs:line 1079
         at System.Collections.Generic.List`1..ctor(IEnumerable`1 collection)
         at System.Linq.Enumerable.ToList[TSource](IEnumerable`1 source)
         at Dapper.SqlMapper.Query[T](IDbConnection cnn, String sql, Object param, IDbTransaction transaction, Boolean buffered, Nullable`1 commandTimeout, Nullable`1 commandType) in /_/Dapper/SqlMapper.cs:line 721
         at Brahmasmi.Service.Dapperr.GetAll[T](String sp, DynamicParameters parms, CommandType commandType) in C:\Brahmasmi\Brahmasmi.API\Brahmasmi.Service\Dapper.cs:line 47
         at Brahmasmi.Repository.VendorRepository.GetAllVendor() in C:\Brahmasmi\Brahmasmi.API\Brahmasmi.Repository\VendorRepository.cs:line 27
         at Brahmasmi.API.Controllers.VendorController.GetVendors() in C:\Brahmasmi\Brahmasmi.API\Brahmasmi.API\Controllers\VendorController.cs:line 33
      ClientConnectionId:c2a1f195-ea16-4274-9c6b-aad601dd51fd
      Error Number:207,State:1,Class:16
info: Brahmasmi.API.Controllers.UtilitiesController[0]
      end
info: Brahmasmi.API.Controllers.UtilitiesController[0]
      end
info: Brahmasmi.API.Controllers.UtilitiesController[0]
      end
info: Brahmasmi.API.Controllers.UtilitiesController[0]
      end
info: Brahmasmi.API.Controllers.UtilitiesController[0]
      end
info: Brahmasmi.API.Controllers.UtilitiesController[0]
      end
info: Brahmasmi.API.Controllers.UtilitiesController[0]
      end
info: Brahmasmi.API.Controllers.UtilitiesController[0]
      end
info: Brahmasmi.API.Controllers.UtilitiesController[0]
      end
info: Brahmasmi.API.Controllers.UtilitiesController[0]
      end
info: Brahmasmi.API.Controllers.UtilitiesController[0]
      end
info: Brahmasmi.API.Controllers.UtilitiesController[0]
      end
info: Brahmasmi.API.Controllers.UtilitiesController[0]
      end
info: Brahmasmi.API.Controllers.UtilitiesController[0]
      end
info: Brahmasmi.API.Controllers.UtilitiesController[0]
      end
info: Brahmasmi.API.Controllers.UtilitiesController[0]
      end
info: Brahmasmi.API.Controllers.UtilitiesController[0]
      end
info: Brahmasmi.API.Controllers.UtilitiesController[0]
      end
info: Brahmasmi.API.Controllers.UtilitiesController[0]
      end
info: Brahmasmi.API.Controllers.UtilitiesController[0]
      end
info: Brahmasmi.API.Controllers.UtilitiesController[0]
      end
info: Brahmasmi.API.Controllers.LoginController[0]
      77777744
info: Brahmasmi.API.Controllers.LoginController[0]
      end
info: Brahmasmi.API.Controllers.LoginController[0]
      90909090
info: Brahmasmi.API.Controllers.LoginController[0]
      end
info: Brahmasmi.API.Controllers.LoginController[0]
      7780146209
info: Brahmasmi.API.Controllers.LoginController[0]
      end
info: Brahmasmi.API.Controllers.LoginController[0]
      7780146209
info: Brahmasmi.API.Controllers.LoginController[0]
      end
info: Brahmasmi.API.Controllers.LoginController[0]
      3335678
info: Brahmasmi.API.Controllers.LoginController[0]
      end
info: Brahmasmi.API.Controllers.LoginController[0]
      3335678
info: Brahmasmi.API.Controllers.LoginController[0]
      end
info: Brahmasmi.API.Controllers.LoginController[0]
      3335678
info: Brahmasmi.API.Controllers.LoginController[0]
      end
info: Brahmasmi.API.Controllers.LoginController[0]
      9133645451
info: Brahmasmi.API.Controllers.LoginController[0]
      end
info: Brahmasmi.API.Controllers.LoginController[0]
      9133645451
info: Brahmasmi.API.Controllers.LoginController[0]
      end
info: Brahmasmi.API.Controllers.LoginController[0]
      9133645451
info: Brahmasmi.API.Controllers.LoginController[0]
      end
info: Brahmasmi.API.Controllers.LoginController[0]
      9133645452
info: Brahmasmi.API.Controllers.LoginController[0]
      end
info: Brahmasmi.API.Controllers.LoginController[0]
      9133645452
info: Brahmasmi.API.Controllers.LoginController[0]
      end
info: Brahmasmi.API.Controllers.LoginController[0]
      9133645452
info: Brahmasmi.API.Controllers.LoginController[0]
      end
info: Brahmasmi.API.Controllers.LoginController[0]
      666666
info: Brahmasmi.API.Controllers.LoginController[0]
      end
info: Brahmasmi.API.Controllers.LoginController[0]
      666666
info: Brahmasmi.API.Controllers.LoginController[0]
      end
info: Brahmasmi.API.Controllers.LoginController[0]
      44444444
info: Brahmasmi.API.Controllers.LoginController[0]
      end
info: Brahmasmi.API.Controllers.LoginController[0]
      44444444
info: Brahmasmi.API.Controllers.LoginController[0]
      end
info: Brahmasmi.API.Controllers.UtilitiesController[0]
      end
info: Brahmasmi.API.Controllers.UtilitiesController[0]
      end
info: Brahmasmi.API.Controllers.UtilitiesController[0]
      end





































































































































































































































































