info: Microsoft.Hosting.Lifetime[0]
      Now listening on: http://127.0.0.1:31191
info: Microsoft.Hosting.Lifetime[0]
      Application started. Press Ctrl+C to shut down.
info: Microsoft.Hosting.Lifetime[0]
      Hosting environment: Development
info: Microsoft.Hosting.Lifetime[0]
      Content root path: C:\Brahmasmi\Brahmasmi.API\Brahmasmi.API
fail: Brahmasmi.API.Controllers.ServiceController[0]
      Exception at Login Method: System.ArgumentOutOfRangeException: Index was out of range. Must be non-negative and less than the size of the collection. (Parameter 'index')
         at System.Collections.Generic.List`1.get_Item(Int32 index)
         at Brahmasmi.API.Controllers.ServiceController.SaveService() in C:\Brahmasmi\Brahmasmi.API\Brahmasmi.API\Controllers\ServiceController.cs:line 69
fail: Brahmasmi.API.Controllers.ServiceController[0]
      Exception at Login Method: System.ArgumentOutOfRangeException: Index was out of range. Must be non-negative and less than the size of the collection. (Parameter 'index')
         at System.Collections.Generic.List`1.get_Item(Int32 index)
         at Brahmasmi.API.Controllers.ServiceController.SaveService() in C:\Brahmasmi\Brahmasmi.API\Brahmasmi.API\Controllers\ServiceController.cs:line 69
fail: Brahmasmi.API.Controllers.ServiceController[0]
      Exception at Login Method: System.ArgumentOutOfRangeException: Index was out of range. Must be non-negative and less than the size of the collection. (Parameter 'index')
         at System.Collections.Generic.List`1.get_Item(Int32 index)
         at Brahmasmi.API.Controllers.ServiceController.SaveService() in C:\Brahmasmi\Brahmasmi.API\Brahmasmi.API\Controllers\ServiceController.cs:line 69

































































