info: Microsoft.Hosting.Lifetime[0]
      Now listening on: http://127.0.0.1:39283
info: Microsoft.Hosting.Lifetime[0]
      Application started. Press Ctrl+C to shut down.
info: Microsoft.Hosting.Lifetime[0]
      Hosting environment: Development
info: Microsoft.Hosting.Lifetime[0]
      Content root path: C:\Brahmasmi\Brahmasmi.API\Brahmasmi.API
info: Brahmasmi.API.Controllers.LoginController[0]
      828282
info: Brahmasmi.API.Controllers.LoginController[0]
      end
info: Brahmasmi.API.Controllers.LoginController[0]
      828282
info: Brahmasmi.API.Controllers.LoginController[0]
      end
info: Brahmasmi.API.Controllers.LoginController[0]
      77780
info: Brahmasmi.API.Controllers.LoginController[0]
      end
info: Brahmasmi.API.Controllers.LoginController[0]
      838485
info: Brahmasmi.API.Controllers.LoginController[0]
      end
info: Brahmasmi.API.Controllers.LoginController[0]
      838485
info: Brahmasmi.API.Controllers.LoginController[0]
      end
info: Brahmasmi.API.Controllers.LoginController[0]
      656565
info: Brahmasmi.API.Controllers.LoginController[0]
      end
info: Brahmasmi.API.Controllers.LoginController[0]
      656565
info: Brahmasmi.API.Controllers.LoginController[0]
      end
info: Brahmasmi.API.Controllers.LoginController[0]
      656565
info: Brahmasmi.API.Controllers.LoginController[0]
      end
info: Brahmasmi.API.Controllers.UtilitiesController[0]
      end
info: Brahmasmi.API.Controllers.LoginController[0]
      31212121
info: Brahmasmi.API.Controllers.LoginController[0]
      end





































