info: Microsoft.Hosting.Lifetime[0]
      Now listening on: http://127.0.0.1:2275
info: Microsoft.Hosting.Lifetime[0]
      Application started. Press Ctrl+C to shut down.
info: Microsoft.Hosting.Lifetime[0]
      Hosting environment: Development
info: Microsoft.Hosting.Lifetime[0]
      Content root path: C:\Brahmasmi\Brahmasmi.API\Brahmasmi.API
fail: Brahmasmi.API.Controllers.AdminLoginController[0]
      Exception at Login Method: System.Data.SqlClient.SqlException (0x80131904): Could not find stored procedure 'dbo.SP_CheckAminExistance'.
         at System.Data.SqlClient.SqlConnection.OnError(SqlException exception, Boolean breakConnection, Action`1 wrapCloseInAction)
         at System.Data.SqlClient.SqlInternalConnection.OnError(SqlException exception, Boolean breakConnection, Action`1 wrapCloseInAction)
         at System.Data.SqlClient.TdsParser.ThrowExceptionAndWarning(TdsParserStateObject stateObj, Boolean callerHasConnectionLock, Boolean asyncClose)
         at System.Data.SqlClient.TdsParser.TryRun(RunBehavior runBehavior, SqlCommand cmdHandler, SqlDataReader dataStream, BulkCopySimpleResultSet bulkCopyHandler, TdsParserStateObject stateObj, Boolean& dataReady)
         at System.Data.SqlClient.SqlDataReader.TryConsumeMetaData()
         at System.Data.SqlClient.SqlDataReader.get_MetaData()
         at System.Data.SqlClient.SqlCommand.FinishExecuteReader(SqlDataReader ds, RunBehavior runBehavior, String resetOptionsString)
         at System.Data.SqlClient.SqlCommand.RunExecuteReaderTds(CommandBehavior cmdBehavior, RunBehavior runBehavior, Boolean returnStream, Boolean async, Int32 timeout, Task& task, Boolean asyncWrite, SqlDataReader ds)
         at System.Data.SqlClient.SqlCommand.RunExecuteReader(CommandBehavior cmdBehavior, RunBehavior runBehavior, Boolean returnStream, TaskCompletionSource`1 completion, Int32 timeout, Task& task, Boolean asyncWrite, String method)
         at System.Data.SqlClient.SqlCommand.RunExecuteReader(CommandBehavior cmdBehavior, RunBehavior runBehavior, Boolean returnStream, String method)
         at System.Data.SqlClient.SqlCommand.ExecuteReader(CommandBehavior behavior)
         at System.Data.SqlClient.SqlCommand.ExecuteDbDataReader(CommandBehavior behavior)
         at System.Data.Common.DbCommand.System.Data.IDbCommand.ExecuteReader(CommandBehavior behavior)
         at Dapper.SqlMapper.ExecuteReaderWithFlagsFallback(IDbCommand cmd, Boolean wasClosed, CommandBehavior behavior) in /_/Dapper/SqlMapper.cs:line 1051
         at Dapper.SqlMapper.QueryImpl[T](IDbConnection cnn, CommandDefinition command, Type effectiveType)+MoveNext() in /_/Dapper/SqlMapper.cs:line 1079
         at System.Collections.Generic.List`1..ctor(IEnumerable`1 collection)
         at System.Linq.Enumerable.ToList[TSource](IEnumerable`1 source)
         at Dapper.SqlMapper.Query[T](IDbConnection cnn, String sql, Object param, IDbTransaction transaction, Boolean buffered, Nullable`1 commandTimeout, Nullable`1 commandType) in /_/Dapper/SqlMapper.cs:line 721
         at Brahmasmi.Service.Dapperr.Get[T](String sp, DynamicParameters parms, CommandType commandType) in C:\Brahmasmi\Brahmasmi.API\Brahmasmi.Service\Dapper.cs:line 39
         at Brahmasmi.Repository.AdminLoginRepository.CheckAdminExist(AdminLogin adminLogin) in C:\Brahmasmi\Brahmasmi.API\Brahmasmi.Repository\AdminLoginRepository.cs:line 25
         at Brahmasmi.API.Controllers.AdminLoginController.AdminExist(AdminLogin adminLogin) in C:\Brahmasmi\Brahmasmi.API\Brahmasmi.API\Controllers\AdminLoginController.cs:line 33
      ClientConnectionId:4653cd2e-6193-4419-a9d5-b999bde73d9c
      Error Number:2812,State:62,Class:16
fail: Brahmasmi.API.Controllers.AdminLoginController[0]
      Exception at Login Method: System.Data.SqlClient.SqlException (0x80131904): Could not find stored procedure 'dbo.SP_CheckAminExistance'.
         at System.Data.SqlClient.SqlConnection.OnError(SqlException exception, Boolean breakConnection, Action`1 wrapCloseInAction)
         at System.Data.SqlClient.SqlInternalConnection.OnError(SqlException exception, Boolean breakConnection, Action`1 wrapCloseInAction)
         at System.Data.SqlClient.TdsParser.ThrowExceptionAndWarning(TdsParserStateObject stateObj, Boolean callerHasConnectionLock, Boolean asyncClose)
         at System.Data.SqlClient.TdsParser.TryRun(RunBehavior runBehavior, SqlCommand cmdHandler, SqlDataReader dataStream, BulkCopySimpleResultSet bulkCopyHandler, TdsParserStateObject stateObj, Boolean& dataReady)
         at System.Data.SqlClient.SqlDataReader.TryConsumeMetaData()
         at System.Data.SqlClient.SqlDataReader.get_MetaData()
         at System.Data.SqlClient.SqlCommand.FinishExecuteReader(SqlDataReader ds, RunBehavior runBehavior, String resetOptionsString)
         at System.Data.SqlClient.SqlCommand.RunExecuteReaderTds(CommandBehavior cmdBehavior, RunBehavior runBehavior, Boolean returnStream, Boolean async, Int32 timeout, Task& task, Boolean asyncWrite, SqlDataReader ds)
         at System.Data.SqlClient.SqlCommand.RunExecuteReader(CommandBehavior cmdBehavior, RunBehavior runBehavior, Boolean returnStream, TaskCompletionSource`1 completion, Int32 timeout, Task& task, Boolean asyncWrite, String method)
         at System.Data.SqlClient.SqlCommand.RunExecuteReader(CommandBehavior cmdBehavior, RunBehavior runBehavior, Boolean returnStream, String method)
         at System.Data.SqlClient.SqlCommand.ExecuteReader(CommandBehavior behavior)
         at System.Data.SqlClient.SqlCommand.ExecuteDbDataReader(CommandBehavior behavior)
         at System.Data.Common.DbCommand.System.Data.IDbCommand.ExecuteReader(CommandBehavior behavior)
         at Dapper.SqlMapper.ExecuteReaderWithFlagsFallback(IDbCommand cmd, Boolean wasClosed, CommandBehavior behavior) in /_/Dapper/SqlMapper.cs:line 1051
         at Dapper.SqlMapper.QueryImpl[T](IDbConnection cnn, CommandDefinition command, Type effectiveType)+MoveNext() in /_/Dapper/SqlMapper.cs:line 1079
         at System.Collections.Generic.List`1..ctor(IEnumerable`1 collection)
         at System.Linq.Enumerable.ToList[TSource](IEnumerable`1 source)
         at Dapper.SqlMapper.Query[T](IDbConnection cnn, String sql, Object param, IDbTransaction transaction, Boolean buffered, Nullable`1 commandTimeout, Nullable`1 commandType) in /_/Dapper/SqlMapper.cs:line 721
         at Brahmasmi.Service.Dapperr.Get[T](String sp, DynamicParameters parms, CommandType commandType) in C:\Brahmasmi\Brahmasmi.API\Brahmasmi.Service\Dapper.cs:line 39
         at Brahmasmi.Repository.AdminLoginRepository.CheckAdminExist(AdminLogin adminLogin) in C:\Brahmasmi\Brahmasmi.API\Brahmasmi.Repository\AdminLoginRepository.cs:line 25
         at Brahmasmi.API.Controllers.AdminLoginController.AdminExist(AdminLogin adminLogin) in C:\Brahmasmi\Brahmasmi.API\Brahmasmi.API\Controllers\AdminLoginController.cs:line 33
      ClientConnectionId:4653cd2e-6193-4419-a9d5-b999bde73d9c
      Error Number:2812,State:62,Class:16






























































